<?xml version="1.0" encoding="utf-8"?>
<AllData xmlns:xsd="http://www.w3.org/2001/XMLSchema" xmlns:xsi="http://www.w3.org/2001/XMLSchema-instance">
  <MyFunds>
    <BaseCurrency>GBP</BaseCurrency>
    <Funds>
      <Security>
        <Names>
          <Company>BlackRock</Company>
          <Name>Gold and General A Acc</Name>
          <Url>https://markets.ft.com/data/funds/tearsheet/summary?s=GB0005852396:GBX</Url>
          <Sectors>
            <string>Minerals</string>
          </Sectors>
          <SectorsFlat>Minerals</SectorsFlat>
        </Names>
        <Name>Gold and General A Acc</Name>
        <Company>BlackRock</Company>
        <Url>https://markets.ft.com/data/funds/tearsheet/summary?s=GB0005852396:GBX</Url>
        <Shares>
          <Values>
            <DailyValuation>
              <Day>2018-01-31T00:00:00</Day>
              <Value>100</Value>
            </DailyValuation>
            <DailyValuation>
              <Day>2019-01-07T00:00:00</Day>
              <Value>100</Value>
            </DailyValuation>
            <DailyValuation>
              <Day>2019-12-01T00:00:00+00:00</Day>
              <Value>100</Value>
            </DailyValuation>
            <DailyValuation>
              <Day>2020-01-08T00:00:00+00:00</Day>
              <Value>100</Value>
            </DailyValuation>
            <DailyValuation>
              <Day>2020-02-12T00:00:00+00:00</Day>
              <Value>100</Value>
            </DailyValuation>
            <DailyValuation>
              <Day>2020-03-05T00:00:00+00:00</Day>
              <Value>100</Value>
            </DailyValuation>
            <DailyValuation>
              <Day>2020-04-02T00:00:00+01:00</Day>
              <Value>100</Value>
            </DailyValuation>
            <DailyValuation>
              <Day>2020-05-06T00:00:00+01:00</Day>
              <Value>100</Value>
            </DailyValuation>
            <DailyValuation>
              <Day>2020-05-10T00:00:00+01:00</Day>
              <Value>100</Value>
            </DailyValuation>
          </Values>
        </Shares>
        <Sectors>
          <string>Minerals</string>
        </Sectors>
        <UnitPrice>
          <Values>
            <DailyValuation>
              <Day>2018-01-31T00:00:00</Day>
              <Value>8.931</Value>
            </DailyValuation>
            <DailyValuation>
              <Day>2019-01-07T00:00:00</Day>
              <Value>8.589</Value>
            </DailyValuation>
            <DailyValuation>
              <Day>2019-12-01T00:00:00+00:00</Day>
              <Value>10.1</Value>
            </DailyValuation>
            <DailyValuation>
              <Day>2020-01-08T00:00:00+00:00</Day>
              <Value>11.01</Value>
            </DailyValuation>
            <DailyValuation>
              <Day>2020-02-12T00:00:00+00:00</Day>
              <Value>11</Value>
            </DailyValuation>
            <DailyValuation>
              <Day>2020-03-05T00:00:00+00:00</Day>
              <Value>11.02</Value>
            </DailyValuation>
            <DailyValuation>
              <Day>2020-04-02T00:00:00+01:00</Day>
              <Value>9.442</Value>
            </DailyValuation>
            <DailyValuation>
              <Day>2020-05-06T00:00:00+01:00</Day>
              <Value>13.24</Value>
            </DailyValuation>
            <DailyValuation>
              <Day>2020-05-10T00:00:00+01:00</Day>
              <Value>13.3</Value>
            </DailyValuation>
          </Values>
        </UnitPrice>
        <Investments>
          <Values>
            <DailyValuation>
              <Day>2018-01-31T00:00:00</Day>
              <Value>893.09999999999991</Value>
            </DailyValuation>
          </Values>
        </Investments>
      </Security>
      <Security>
        <Names>
          <Company>Fidelity</Company>
          <Name>China Consumer A</Name>
          <Url>https://markets.ft.com/data/funds/tearsheet/summary?s=lu0594300336:gbp</Url>
          <Sectors>
            <string>China</string>
          </Sectors>
          <SectorsFlat>China</SectorsFlat>
        </Names>
        <Name>China Consumer A</Name>
        <Company>Fidelity</Company>
        <Url>https://markets.ft.com/data/funds/tearsheet/summary?s=lu0594300336:gbp</Url>
        <Shares>
          <Values>
            <DailyValuation>
              <Day>2011-10-07T00:00:00</Day>
              <Value>100</Value>
            </DailyValuation>
            <DailyValuation>
              <Day>2016-02-04T00:00:00</Day>
              <Value>100</Value>
            </DailyValuation>
            <DailyValuation>
              <Day>2019-01-07T00:00:00</Day>
              <Value>100</Value>
            </DailyValuation>
            <DailyValuation>
              <Day>2019-10-27T00:00:00</Day>
              <Value>100</Value>
            </DailyValuation>
            <DailyValuation>
              <Day>2019-12-01T00:00:00+00:00</Day>
              <Value>100</Value>
            </DailyValuation>
            <DailyValuation>
              <Day>2020-01-08T00:00:00+00:00</Day>
              <Value>100</Value>
            </DailyValuation>
            <DailyValuation>
              <Day>2020-02-12T00:00:00+00:00</Day>
              <Value>100</Value>
            </DailyValuation>
            <DailyValuation>
              <Day>2020-03-05T00:00:00+00:00</Day>
              <Value>100</Value>
            </DailyValuation>
            <DailyValuation>
              <Day>2020-04-02T00:00:00+01:00</Day>
              <Value>100</Value>
            </DailyValuation>
            <DailyValuation>
              <Day>2020-05-06T00:00:00+01:00</Day>
              <Value>100</Value>
            </DailyValuation>
            <DailyValuation>
              <Day>2020-05-10T00:00:00+01:00</Day>
              <Value>100</Value>
            </DailyValuation>
          </Values>
        </Shares>
        <Sectors>
          <string>China</string>
        </Sectors>
        <UnitPrice>
          <Values>
            <DailyValuation>
              <Day>2011-10-07T00:00:00</Day>
              <Value>9.167</Value>
            </DailyValuation>
            <DailyValuation>
              <Day>2016-02-04T00:00:00</Day>
              <Value>13.31</Value>
            </DailyValuation>
            <DailyValuation>
              <Day>2019-01-07T00:00:00</Day>
              <Value>20.81</Value>
            </DailyValuation>
            <DailyValuation>
              <Day>2019-10-27T00:00:00</Day>
              <Value>25.5</Value>
            </DailyValuation>
            <DailyValuation>
              <Day>2019-12-01T00:00:00+00:00</Day>
              <Value>23.79</Value>
            </DailyValuation>
            <DailyValuation>
              <Day>2020-01-08T00:00:00+00:00</Day>
              <Value>25.69</Value>
            </DailyValuation>
            <DailyValuation>
              <Day>2020-02-12T00:00:00+00:00</Day>
              <Value>26.11</Value>
            </DailyValuation>
            <DailyValuation>
              <Day>2020-03-05T00:00:00+00:00</Day>
              <Value>25.28</Value>
            </DailyValuation>
            <DailyValuation>
              <Day>2020-04-02T00:00:00+01:00</Day>
              <Value>23.46</Value>
            </DailyValuation>
            <DailyValuation>
              <Day>2020-05-06T00:00:00+01:00</Day>
              <Value>24.6</Value>
            </DailyValuation>
            <DailyValuation>
              <Day>2020-05-10T00:00:00+01:00</Day>
              <Value>25.41</Value>
            </DailyValuation>
          </Values>
        </UnitPrice>
        <Investments>
          <Values>
            <DailyValuation>
              <Day>2011-10-07T00:00:00</Day>
              <Value>916.69999999999993</Value>
            </DailyValuation>
          </Values>
        </Investments>
      </Security>
      <Security>
        <Names>
          <Company>Legal &amp; General</Company>
          <Name>World Climate Factors Index</Name>
          <Url>https://markets.ft.com/data/funds/tearsheet/summary?s=GB00BF41QC71:GBX</Url>
          <Sectors>
            <string>World</string>
          </Sectors>
          <SectorsFlat>World</SectorsFlat>
        </Names>
        <Name>World Climate Factors Index</Name>
        <Company>Legal &amp; General</Company>
        <Url>https://markets.ft.com/data/funds/tearsheet/summary?s=GB00BF41QC71:GBX</Url>
        <Shares>
          <Values>
            <DailyValuation>
              <Day>2019-02-22T00:00:00</Day>
              <Value>100</Value>
            </DailyValuation>
            <DailyValuation>
              <Day>2019-05-28T00:00:00</Day>
              <Value>100</Value>
            </DailyValuation>
            <DailyValuation>
              <Day>2019-10-27T00:00:00</Day>
              <Value>100</Value>
            </DailyValuation>
            <DailyValuation>
              <Day>2019-12-01T00:00:00+00:00</Day>
              <Value>100</Value>
            </DailyValuation>
            <DailyValuation>
              <Day>2020-01-08T00:00:00+00:00</Day>
              <Value>100</Value>
            </DailyValuation>
            <DailyValuation>
              <Day>2020-02-12T00:00:00+00:00</Day>
              <Value>100</Value>
            </DailyValuation>
            <DailyValuation>
              <Day>2020-03-05T00:00:00+00:00</Day>
              <Value>200</Value>
            </DailyValuation>
            <DailyValuation>
              <Day>2020-04-02T00:00:00+01:00</Day>
              <Value>200</Value>
            </DailyValuation>
            <DailyValuation>
              <Day>2020-05-06T00:00:00+01:00</Day>
              <Value>200</Value>
            </DailyValuation>
            <DailyValuation>
              <Day>2020-05-10T00:00:00+01:00</Day>
              <Value>200</Value>
            </DailyValuation>
          </Values>
        </Shares>
        <Sectors>
          <string>World</string>
        </Sectors>
        <UnitPrice>
          <Values>
            <DailyValuation>
              <Day>2019-02-22T00:00:00</Day>
              <Value>0.5157</Value>
            </DailyValuation>
            <DailyValuation>
              <Day>2019-05-28T00:00:00</Day>
              <Value>0.5259</Value>
            </DailyValuation>
            <DailyValuation>
              <Day>2019-10-27T00:00:00</Day>
              <Value>0.5561</Value>
            </DailyValuation>
            <DailyValuation>
              <Day>2019-12-01T00:00:00+00:00</Day>
              <Value>0.5671</Value>
            </DailyValuation>
            <DailyValuation>
              <Day>2020-01-08T00:00:00+00:00</Day>
              <Value>0.5739</Value>
            </DailyValuation>
            <DailyValuation>
              <Day>2020-02-12T00:00:00+00:00</Day>
              <Value>0.5877</Value>
            </DailyValuation>
            <DailyValuation>
              <Day>2020-03-05T00:00:00+00:00</Day>
              <Value>0.541</Value>
            </DailyValuation>
            <DailyValuation>
              <Day>2020-04-02T00:00:00+01:00</Day>
              <Value>0.45299999999999996</Value>
            </DailyValuation>
            <DailyValuation>
              <Day>2020-05-06T00:00:00+01:00</Day>
              <Value>0.5011</Value>
            </DailyValuation>
            <DailyValuation>
              <Day>2020-05-10T00:00:00+01:00</Day>
              <Value>0.5078</Value>
            </DailyValuation>
          </Values>
        </UnitPrice>
        <Investments>
          <Values>
            <DailyValuation>
              <Day>2019-02-22T00:00:00</Day>
              <Value>51.570000000000007</Value>
            </DailyValuation>
            <DailyValuation>
              <Day>2020-03-05T00:00:00+00:00</Day>
              <Value>54.1</Value>
            </DailyValuation>
          </Values>
        </Investments>
      </Security>
      <Security>
        <Names>
          <Company>Artemis</Company>
          <Name>High Income QI</Name>
          <Url>https://markets.ft.com/data/funds/tearsheet/summary?s=gb00b2pljn71:gbx</Url>
          <Sectors>
            <string>Bond</string>
          </Sectors>
          <SectorsFlat>Bond</SectorsFlat>
        </Names>
        <Name>High Income QI</Name>
        <Company>Artemis</Company>
        <Url>https://markets.ft.com/data/funds/tearsheet/summary?s=gb00b2pljn71:gbx</Url>
        <Shares>
          <Values>
            <DailyValuation>
              <Day>2019-12-05T00:00:00+00:00</Day>
              <Value>100</Value>
            </DailyValuation>
            <DailyValuation>
              <Day>2020-01-08T00:00:00+00:00</Day>
              <Value>100</Value>
            </DailyValuation>
            <DailyValuation>
              <Day>2020-02-10T00:00:00+00:00</Day>
              <Value>100</Value>
            </DailyValuation>
            <DailyValuation>
              <Day>2020-03-07T00:00:00+00:00</Day>
              <Value>100</Value>
            </DailyValuation>
            <DailyValuation>
              <Day>2020-05-10T00:00:00+01:00</Day>
              <Value>100</Value>
            </DailyValuation>
          </Values>
        </Shares>
        <Sectors>
          <string>Bond</string>
        </Sectors>
        <UnitPrice>
          <Values>
            <DailyValuation>
              <Day>2019-12-05T00:00:00+00:00</Day>
              <Value>0.8036</Value>
            </DailyValuation>
            <DailyValuation>
              <Day>2020-01-08T00:00:00+00:00</Day>
              <Value>0.82</Value>
            </DailyValuation>
            <DailyValuation>
              <Day>2020-02-10T00:00:00+00:00</Day>
              <Value>0.8177</Value>
            </DailyValuation>
            <DailyValuation>
              <Day>2020-03-07T00:00:00+00:00</Day>
              <Value>0.8004</Value>
            </DailyValuation>
            <DailyValuation>
              <Day>2020-05-10T00:00:00+01:00</Day>
              <Value>0.7228</Value>
            </DailyValuation>
          </Values>
        </UnitPrice>
        <Investments>
          <Values>
            <DailyValuation>
              <Day>2019-12-05T00:00:00+00:00</Day>
              <Value>80.36</Value>
            </DailyValuation>
          </Values>
        </Investments>
      </Security>
      <Security>
        <Names>
          <Company>M&amp;G</Company>
          <Name>Euro High Yield Bond</Name>
          <Sectors>
            <string>Bond</string>
          </Sectors>
          <SectorsFlat>Bond</SectorsFlat>
        </Names>
        <Name>Euro High Yield Bond</Name>
        <Company>M&amp;G</Company>
        <Shares>
          <Values>
            <DailyValuation>
              <Day>2013-07-31T00:00:00</Day>
              <Value>100</Value>
            </DailyValuation>
            <DailyValuation>
              <Day>2013-12-09T00:00:00</Day>
              <Value>100</Value>
            </DailyValuation>
            <DailyValuation>
              <Day>2014-02-22T00:00:00</Day>
              <Value>100</Value>
            </DailyValuation>
            <DailyValuation>
              <Day>2015-08-25T00:00:00</Day>
              <Value>100</Value>
            </DailyValuation>
            <DailyValuation>
              <Day>2018-05-07T00:00:00</Day>
              <Value>100</Value>
            </DailyValuation>
            <DailyValuation>
              <Day>2019-01-07T00:00:00</Day>
              <Value>100</Value>
            </DailyValuation>
            <DailyValuation>
              <Day>2019-02-20T00:00:00</Day>
              <Value>100</Value>
            </DailyValuation>
            <DailyValuation>
              <Day>2019-02-21T00:00:00</Day>
              <Value>0</Value>
            </DailyValuation>
          </Values>
        </Shares>
        <Sectors>
          <string>Bond</string>
        </Sectors>
        <UnitPrice>
          <Values>
            <DailyValuation>
              <Day>2013-07-31T00:00:00</Day>
              <Value>0.99</Value>
            </DailyValuation>
            <DailyValuation>
              <Day>2013-12-09T00:00:00</Day>
              <Value>0.9834</Value>
            </DailyValuation>
            <DailyValuation>
              <Day>2014-02-22T00:00:00</Day>
              <Value>12.6</Value>
            </DailyValuation>
            <DailyValuation>
              <Day>2015-08-25T00:00:00</Day>
              <Value>11.6397</Value>
            </DailyValuation>
            <DailyValuation>
              <Day>2018-05-07T00:00:00</Day>
              <Value>15.5083</Value>
            </DailyValuation>
            <DailyValuation>
              <Day>2019-01-07T00:00:00</Day>
              <Value>15.27</Value>
            </DailyValuation>
            <DailyValuation>
              <Day>2019-02-20T00:00:00</Day>
              <Value>15.2826</Value>
            </DailyValuation>
            <DailyValuation>
              <Day>2019-02-21T00:00:00</Day>
              <Value>15.29</Value>
            </DailyValuation>
          </Values>
        </UnitPrice>
        <Investments>
          <Values>
            <DailyValuation>
              <Day>2013-07-31T00:00:00</Day>
              <Value>99</Value>
            </DailyValuation>
            <DailyValuation>
              <Day>2019-02-21T00:00:00</Day>
              <Value>-1529</Value>
            </DailyValuation>
          </Values>
        </Investments>
      </Security>
      <Security>
        <Names>
          <Company>Old Mutual</Company>
          <Name>UK Mid Cap R Acc</Name>
          <Sectors>
            <string>FTSE100</string>
            <string>FTSE250</string>
          </Sectors>
          <SectorsFlat>FTSE100,FTSE250</SectorsFlat>
        </Names>
        <Name>UK Mid Cap R Acc</Name>
        <Company>Old Mutual</Company>
        <Shares>
          <Values>
            <DailyValuation>
              <Day>2018-01-29T00:00:00</Day>
              <Value>100</Value>
            </DailyValuation>
            <DailyValuation>
              <Day>2019-01-07T00:00:00</Day>
              <Value>100</Value>
            </DailyValuation>
            <DailyValuation>
              <Day>2019-02-20T00:00:00</Day>
              <Value>100</Value>
            </DailyValuation>
            <DailyValuation>
              <Day>2019-02-21T00:00:00</Day>
              <Value>0</Value>
            </DailyValuation>
          </Values>
        </Shares>
        <Sectors>
          <string>FTSE100</string>
          <string>FTSE250</string>
        </Sectors>
        <UnitPrice>
          <Values>
            <DailyValuation>
              <Day>2018-01-29T00:00:00</Day>
              <Value>3.278</Value>
            </DailyValuation>
            <DailyValuation>
              <Day>2019-01-07T00:00:00</Day>
              <Value>2.552</Value>
            </DailyValuation>
            <DailyValuation>
              <Day>2019-02-20T00:00:00</Day>
              <Value>2.71</Value>
            </DailyValuation>
            <DailyValuation>
              <Day>2019-02-21T00:00:00</Day>
              <Value>2.71</Value>
            </DailyValuation>
          </Values>
        </UnitPrice>
        <Investments>
          <Values>
            <DailyValuation>
              <Day>2018-01-29T00:00:00</Day>
              <Value>327.8</Value>
            </DailyValuation>
            <DailyValuation>
              <Day>2019-02-21T00:00:00</Day>
              <Value>-271</Value>
            </DailyValuation>
          </Values>
        </Investments>
      </Security>
      <Security>
        <Names>
          <Company>Schroder</Company>
          <Name>Income Maximiser Z Acc</Name>
          <Url>https://markets.ft.com/data/funds/tearsheet/summary?s=GB00B5B0KM51:GBX</Url>
          <Sectors>
            <string>Bond</string>
          </Sectors>
          <SectorsFlat>Bond</SectorsFlat>
        </Names>
        <Name>Income Maximiser Z Acc</Name>
        <Company>Schroder</Company>
        <Url>https://markets.ft.com/data/funds/tearsheet/summary?s=GB00B5B0KM51:GBX</Url>
        <Shares>
          <Values>
            <DailyValuation>
              <Day>2016-02-03T00:00:00</Day>
              <Value>100</Value>
            </DailyValuation>
            <DailyValuation>
              <Day>2017-02-01T00:00:00</Day>
              <Value>100</Value>
            </DailyValuation>
            <DailyValuation>
              <Day>2017-04-04T00:00:00</Day>
              <Value>200</Value>
            </DailyValuation>
            <DailyValuation>
              <Day>2018-01-29T00:00:00</Day>
              <Value>200</Value>
            </DailyValuation>
            <DailyValuation>
              <Day>2019-01-07T00:00:00</Day>
              <Value>200</Value>
            </DailyValuation>
            <DailyValuation>
              <Day>2019-05-01T00:00:00</Day>
              <Value>200</Value>
            </DailyValuation>
            <DailyValuation>
              <Day>2019-12-01T00:00:00+00:00</Day>
              <Value>200</Value>
            </DailyValuation>
            <DailyValuation>
              <Day>2020-02-12T00:00:00+00:00</Day>
              <Value>200</Value>
            </DailyValuation>
            <DailyValuation>
              <Day>2020-03-04T00:00:00+00:00</Day>
              <Value>0</Value>
            </DailyValuation>
            <DailyValuation>
              <Day>2020-05-10T00:00:00+01:00</Day>
              <Value>0</Value>
            </DailyValuation>
          </Values>
        </Shares>
        <Sectors>
          <string>Bond</string>
        </Sectors>
        <UnitPrice>
          <Values>
            <DailyValuation>
              <Day>2016-02-03T00:00:00</Day>
              <Value>0.6523</Value>
            </DailyValuation>
            <DailyValuation>
              <Day>2017-02-01T00:00:00</Day>
              <Value>0.797</Value>
            </DailyValuation>
            <DailyValuation>
              <Day>2017-04-04T00:00:00</Day>
              <Value>0.8117</Value>
            </DailyValuation>
            <DailyValuation>
              <Day>2018-01-29T00:00:00</Day>
              <Value>0.8841</Value>
            </DailyValuation>
            <DailyValuation>
              <Day>2019-01-07T00:00:00</Day>
              <Value>0.8571</Value>
            </DailyValuation>
            <DailyValuation>
              <Day>2019-05-01T00:00:00</Day>
              <Value>0.9035</Value>
            </DailyValuation>
            <DailyValuation>
              <Day>2019-12-01T00:00:00+00:00</Day>
              <Value>0.8924</Value>
            </DailyValuation>
            <DailyValuation>
              <Day>2020-02-12T00:00:00+00:00</Day>
              <Value>0.8852</Value>
            </DailyValuation>
            <DailyValuation>
              <Day>2020-03-04T00:00:00+00:00</Day>
              <Value>0.7602</Value>
            </DailyValuation>
            <DailyValuation>
              <Day>2020-05-10T00:00:00+01:00</Day>
              <Value>0.6462</Value>
            </DailyValuation>
          </Values>
        </UnitPrice>
        <Investments>
          <Values>
            <DailyValuation>
              <Day>2016-02-03T00:00:00</Day>
              <Value>65.23</Value>
            </DailyValuation>
            <DailyValuation>
              <Day>2017-04-04T00:00:00</Day>
              <Value>81.17</Value>
            </DailyValuation>
            <DailyValuation>
              <Day>2020-03-04T00:00:00+00:00</Day>
              <Value>-152.04</Value>
            </DailyValuation>
          </Values>
        </Investments>
      </Security>
    </Funds>
    <BankAccounts />
    <Currencies>
      <Currency>
        <Names>
          <Company>GBP</Company>
          <Name>GBP</Name>
          <Sectors />
          <SectorsFlat />
        </Names>
        <Name>GBP</Name>
        <Company>GBP</Company>
        <Values>
          <Values />
        </Values>
      </Currency>
    </Currencies>
    <BenchMarks>
      <Sector>
        <Names>
          <Name>Bond</Name>
          <Sectors />
          <SectorsFlat />
        </Names>
        <Name>Bond</Name>
        <Values>
          <Values>
            <DailyValuation>
              <Day>2019-01-01T00:00:00</Day>
              <Value>1.671</Value>
            </DailyValuation>
            <DailyValuation>
              <Day>2020-01-30T00:00:00+00:00</Day>
              <Value>1.38</Value>
            </DailyValuation>
            <DailyValuation>
              <Day>2020-02-12T00:00:00+00:00</Day>
              <Value>1.445</Value>
            </DailyValuation>
            <DailyValuation>
              <Day>2020-02-13T00:00:00+00:00</Day>
              <Value>1.439</Value>
            </DailyValuation>
            <DailyValuation>
              <Day>2020-02-17T00:00:00+00:00</Day>
              <Value>1.414</Value>
            </DailyValuation>
            <DailyValuation>
              <Day>2020-02-19T00:00:00+00:00</Day>
              <Value>1.409</Value>
            </DailyValuation>
            <DailyValuation>
              <Day>2020-02-27T00:00:00+00:00</Day>
              <Value>1.104</Value>
            </DailyValuation>
            <DailyValuation>
              <Day>2020-02-29T00:00:00+00:00</Day>
              <Value>0.913</Value>
            </DailyValuation>
            <DailyValuation>
              <Day>2020-03-05T00:00:00+00:00</Day>
              <Value>0.729</Value>
            </DailyValuation>
            <DailyValuation>
              <Day>2020-03-07T00:00:00+00:00</Day>
              <Value>0.557</Value>
            </DailyValuation>
            <DailyValuation>
              <Day>2020-03-11T00:00:00+00:00</Day>
              <Value>0.657</Value>
            </DailyValuation>
          </Values>
        </Values>
      </Sector>
      <Sector>
        <Names>
          <Name>EU</Name>
          <Sectors />
          <SectorsFlat />
        </Names>
        <Name>EU</Name>
        <Values>
          <Values>
            <DailyValuation>
              <Day>2019-01-28T00:00:00</Day>
              <Value>3171</Value>
            </DailyValuation>
            <DailyValuation>
              <Day>2020-01-30T00:00:00+00:00</Day>
              <Value>3690.78</Value>
            </DailyValuation>
            <DailyValuation>
              <Day>2020-02-12T00:00:00+00:00</Day>
              <Value>3854.43</Value>
            </DailyValuation>
            <DailyValuation>
              <Day>2020-02-13T00:00:00+00:00</Day>
              <Value>3846.74</Value>
            </DailyValuation>
            <DailyValuation>
              <Day>2020-02-17T00:00:00+00:00</Day>
              <Value>3853.27</Value>
            </DailyValuation>
            <DailyValuation>
              <Day>2020-02-19T00:00:00+00:00</Day>
              <Value>3865.18</Value>
            </DailyValuation>
            <DailyValuation>
              <Day>2020-02-27T00:00:00+00:00</Day>
              <Value>3455.92</Value>
            </DailyValuation>
            <DailyValuation>
              <Day>2020-02-29T00:00:00+00:00</Day>
              <Value>3329.49</Value>
            </DailyValuation>
            <DailyValuation>
              <Day>2020-03-05T00:00:00+00:00</Day>
              <Value>3420.56</Value>
            </DailyValuation>
            <DailyValuation>
              <Day>2020-03-07T00:00:00+00:00</Day>
              <Value>3232.07</Value>
            </DailyValuation>
            <DailyValuation>
              <Day>2020-03-11T00:00:00+00:00</Day>
              <Value>2905.56</Value>
            </DailyValuation>
          </Values>
        </Values>
      </Sector>
      <Sector>
        <Names>
          <Name>HK</Name>
          <Sectors />
          <SectorsFlat />
        </Names>
        <Name>HK</Name>
        <Values>
          <Values>
            <DailyValuation>
              <Day>2019-01-28T00:00:00</Day>
              <Value>28130</Value>
            </DailyValuation>
            <DailyValuation>
              <Day>2020-01-30T00:00:00+00:00</Day>
              <Value>26449.13</Value>
            </DailyValuation>
            <DailyValuation>
              <Day>2020-02-12T00:00:00+00:00</Day>
              <Value>27823.66</Value>
            </DailyValuation>
            <DailyValuation>
              <Day>2020-02-13T00:00:00+00:00</Day>
              <Value>27730</Value>
            </DailyValuation>
            <DailyValuation>
              <Day>2020-02-17T00:00:00+00:00</Day>
              <Value>27959.6</Value>
            </DailyValuation>
            <DailyValuation>
              <Day>2020-02-19T00:00:00+00:00</Day>
              <Value>27655.81</Value>
            </DailyValuation>
            <DailyValuation>
              <Day>2020-02-27T00:00:00+00:00</Day>
              <Value>26778.62</Value>
            </DailyValuation>
            <DailyValuation>
              <Day>2020-02-29T00:00:00+00:00</Day>
              <Value>26129.93</Value>
            </DailyValuation>
            <DailyValuation>
              <Day>2020-03-05T00:00:00+00:00</Day>
              <Value>26793.75</Value>
            </DailyValuation>
            <DailyValuation>
              <Day>2020-03-07T00:00:00+00:00</Day>
              <Value>26146.67</Value>
            </DailyValuation>
            <DailyValuation>
              <Day>2020-03-11T00:00:00+00:00</Day>
              <Value>25231.61</Value>
            </DailyValuation>
          </Values>
        </Values>
      </Sector>
      <Sector>
        <Names>
          <Name>FTSE100</Name>
          <Sectors />
          <SectorsFlat />
        </Names>
        <Name>FTSE100</Name>
        <Values>
          <Values>
            <DailyValuation>
              <Day>2006-12-21T00:00:00</Day>
              <Value>6183</Value>
            </DailyValuation>
            <DailyValuation>
              <Day>2010-05-28T00:00:00</Day>
              <Value>5188</Value>
            </DailyValuation>
            <DailyValuation>
              <Day>2014-07-11T00:00:00</Day>
              <Value>6690</Value>
            </DailyValuation>
            <DailyValuation>
              <Day>2014-12-19T00:00:00</Day>
              <Value>6545.27</Value>
            </DailyValuation>
            <DailyValuation>
              <Day>2018-12-17T00:00:00</Day>
              <Value>6773.24</Value>
            </DailyValuation>
            <DailyValuation>
              <Day>2019-06-18T00:00:00</Day>
              <Value>7443.04</Value>
            </DailyValuation>
            <DailyValuation>
              <Day>2019-12-08T00:00:00+00:00</Day>
              <Value>7239.66</Value>
            </DailyValuation>
            <DailyValuation>
              <Day>2019-12-12T00:00:00+00:00</Day>
              <Value>7273.47</Value>
            </DailyValuation>
            <DailyValuation>
              <Day>2019-12-13T00:00:00+00:00</Day>
              <Value>7353.44</Value>
            </DailyValuation>
            <DailyValuation>
              <Day>2019-12-17T00:00:00+00:00</Day>
              <Value>7525.28</Value>
            </DailyValuation>
            <DailyValuation>
              <Day>2020-01-08T00:00:00+00:00</Day>
              <Value>7565.27</Value>
            </DailyValuation>
            <DailyValuation>
              <Day>2020-01-10T00:00:00+00:00</Day>
              <Value>7587.85</Value>
            </DailyValuation>
            <DailyValuation>
              <Day>2020-01-14T00:00:00+00:00</Day>
              <Value>7622.35</Value>
            </DailyValuation>
            <DailyValuation>
              <Day>2020-01-16T00:00:00+00:00</Day>
              <Value>7609.81</Value>
            </DailyValuation>
            <DailyValuation>
              <Day>2020-01-20T00:00:00+00:00</Day>
              <Value>7651.44</Value>
            </DailyValuation>
            <DailyValuation>
              <Day>2020-01-24T00:00:00+00:00</Day>
              <Value>7585.98</Value>
            </DailyValuation>
            <DailyValuation>
              <Day>2020-01-27T00:00:00+00:00</Day>
              <Value>7412.05</Value>
            </DailyValuation>
            <DailyValuation>
              <Day>2020-01-30T00:00:00+00:00</Day>
              <Value>7381.96</Value>
            </DailyValuation>
            <DailyValuation>
              <Day>2020-01-31T00:00:00+00:00</Day>
              <Value>7286.01</Value>
            </DailyValuation>
            <DailyValuation>
              <Day>2020-02-10T00:00:00+00:00</Day>
              <Value>7446.88</Value>
            </DailyValuation>
            <DailyValuation>
              <Day>2020-02-12T00:00:00+00:00</Day>
              <Value>7534.37</Value>
            </DailyValuation>
            <DailyValuation>
              <Day>2020-02-13T00:00:00+00:00</Day>
              <Value>7452.03</Value>
            </DailyValuation>
            <DailyValuation>
              <Day>2020-02-14T00:00:00+00:00</Day>
              <Value>7409.13</Value>
            </DailyValuation>
            <DailyValuation>
              <Day>2020-02-16T00:00:00+00:00</Day>
              <Value>7409.13</Value>
            </DailyValuation>
            <DailyValuation>
              <Day>2020-02-17T00:00:00+00:00</Day>
              <Value>7433.25</Value>
            </DailyValuation>
            <DailyValuation>
              <Day>2020-02-19T00:00:00+00:00</Day>
              <Value>7457.02</Value>
            </DailyValuation>
            <DailyValuation>
              <Day>2020-02-27T00:00:00+00:00</Day>
              <Value>6796.4</Value>
            </DailyValuation>
            <DailyValuation>
              <Day>2020-02-29T00:00:00+00:00</Day>
              <Value>6580.61</Value>
            </DailyValuation>
            <DailyValuation>
              <Day>2020-03-05T00:00:00+00:00</Day>
              <Value>6820.38</Value>
            </DailyValuation>
            <DailyValuation>
              <Day>2020-03-07T00:00:00+00:00</Day>
              <Value>6462.55</Value>
            </DailyValuation>
            <DailyValuation>
              <Day>2020-03-11T00:00:00+00:00</Day>
              <Value>5876.52</Value>
            </DailyValuation>
          </Values>
        </Values>
      </Sector>
      <Sector>
        <Names>
          <Name>FTSE250</Name>
          <Sectors />
          <SectorsFlat />
        </Names>
        <Name>FTSE250</Name>
        <Values>
          <Values>
            <DailyValuation>
              <Day>2008-12-02T00:00:00</Day>
              <Value>5685</Value>
            </DailyValuation>
            <DailyValuation>
              <Day>2009-08-28T00:00:00</Day>
              <Value>8817</Value>
            </DailyValuation>
            <DailyValuation>
              <Day>2010-04-02T00:00:00</Day>
              <Value>10309</Value>
            </DailyValuation>
            <DailyValuation>
              <Day>2015-02-17T00:00:00</Day>
              <Value>17273</Value>
            </DailyValuation>
            <DailyValuation>
              <Day>2017-10-15T00:00:00</Day>
              <Value>20166</Value>
            </DailyValuation>
            <DailyValuation>
              <Day>2019-12-08T00:00:00+00:00</Day>
              <Value>20933.03</Value>
            </DailyValuation>
            <DailyValuation>
              <Day>2019-12-12T00:00:00+00:00</Day>
              <Value>20793.03</Value>
            </DailyValuation>
            <DailyValuation>
              <Day>2019-12-13T00:00:00+00:00</Day>
              <Value>21507.79</Value>
            </DailyValuation>
            <DailyValuation>
              <Day>2019-12-17T00:00:00+00:00</Day>
              <Value>21690.2</Value>
            </DailyValuation>
            <DailyValuation>
              <Day>2020-01-08T00:00:00+00:00</Day>
              <Value>21653.37</Value>
            </DailyValuation>
            <DailyValuation>
              <Day>2020-01-10T00:00:00+00:00</Day>
              <Value>21566.67</Value>
            </DailyValuation>
            <DailyValuation>
              <Day>2020-01-14T00:00:00+00:00</Day>
              <Value>21756.05</Value>
            </DailyValuation>
            <DailyValuation>
              <Day>2020-01-16T00:00:00+00:00</Day>
              <Value>21721.23</Value>
            </DailyValuation>
            <DailyValuation>
              <Day>2020-01-20T00:00:00+00:00</Day>
              <Value>21847.04</Value>
            </DailyValuation>
            <DailyValuation>
              <Day>2020-01-24T00:00:00+00:00</Day>
              <Value>21763.94</Value>
            </DailyValuation>
            <DailyValuation>
              <Day>2020-01-27T00:00:00+00:00</Day>
              <Value>21303.67</Value>
            </DailyValuation>
            <DailyValuation>
              <Day>2020-01-30T00:00:00+00:00</Day>
              <Value>21291.88</Value>
            </DailyValuation>
            <DailyValuation>
              <Day>2020-01-31T00:00:00+00:00</Day>
              <Value>21143.49</Value>
            </DailyValuation>
            <DailyValuation>
              <Day>2020-02-10T00:00:00+00:00</Day>
              <Value>21493.32</Value>
            </DailyValuation>
            <DailyValuation>
              <Day>2020-02-12T00:00:00+00:00</Day>
              <Value>21793.48</Value>
            </DailyValuation>
            <DailyValuation>
              <Day>2020-02-13T00:00:00+00:00</Day>
              <Value>21673.9</Value>
            </DailyValuation>
            <DailyValuation>
              <Day>2020-02-14T00:00:00+00:00</Day>
              <Value>21790.08</Value>
            </DailyValuation>
            <DailyValuation>
              <Day>2020-02-16T00:00:00+00:00</Day>
              <Value>21790.08</Value>
            </DailyValuation>
            <DailyValuation>
              <Day>2020-02-17T00:00:00+00:00</Day>
              <Value>21826.34</Value>
            </DailyValuation>
            <DailyValuation>
              <Day>2020-02-19T00:00:00+00:00</Day>
              <Value>21850.86</Value>
            </DailyValuation>
            <DailyValuation>
              <Day>2020-02-27T00:00:00+00:00</Day>
              <Value>19783.45</Value>
            </DailyValuation>
            <DailyValuation>
              <Day>2020-02-29T00:00:00+00:00</Day>
              <Value>19330.92</Value>
            </DailyValuation>
            <DailyValuation>
              <Day>2020-03-05T00:00:00+00:00</Day>
              <Value>19852.7</Value>
            </DailyValuation>
            <DailyValuation>
              <Day>2020-03-07T00:00:00+00:00</Day>
              <Value>18746.51</Value>
            </DailyValuation>
            <DailyValuation>
              <Day>2020-03-11T00:00:00+00:00</Day>
              <Value>17339.23</Value>
            </DailyValuation>
          </Values>
        </Values>
      </Sector>
      <Sector>
        <Names>
          <Name>Nikkei</Name>
          <Sectors />
          <SectorsFlat />
        </Names>
        <Name>Nikkei</Name>
        <Values>
          <Values>
            <DailyValuation>
              <Day>2007-04-20T00:00:00</Day>
              <Value>16744</Value>
            </DailyValuation>
            <DailyValuation>
              <Day>2011-11-01T00:00:00</Day>
              <Value>8880</Value>
            </DailyValuation>
            <DailyValuation>
              <Day>2015-01-01T00:00:00</Day>
              <Value>17850</Value>
            </DailyValuation>
            <DailyValuation>
              <Day>2016-08-01T00:00:00</Day>
              <Value>16415</Value>
            </DailyValuation>
            <DailyValuation>
              <Day>2018-01-01T00:00:00</Day>
              <Value>23073</Value>
            </DailyValuation>
            <DailyValuation>
              <Day>2018-12-16T00:00:00</Day>
              <Value>21391</Value>
            </DailyValuation>
            <DailyValuation>
              <Day>2019-03-22T00:00:00</Day>
              <Value>21713</Value>
            </DailyValuation>
            <DailyValuation>
              <Day>2019-11-01T00:00:00</Day>
              <Value>22730</Value>
            </DailyValuation>
            <DailyValuation>
              <Day>2019-12-16T00:00:00+00:00</Day>
              <Value>23952</Value>
            </DailyValuation>
            <DailyValuation>
              <Day>2019-12-17T00:00:00+00:00</Day>
              <Value>24066.12</Value>
            </DailyValuation>
            <DailyValuation>
              <Day>2020-01-08T00:00:00+00:00</Day>
              <Value>23204.76</Value>
            </DailyValuation>
            <DailyValuation>
              <Day>2020-01-10T00:00:00+00:00</Day>
              <Value>23850.57</Value>
            </DailyValuation>
            <DailyValuation>
              <Day>2020-01-14T00:00:00+00:00</Day>
              <Value>24025.17</Value>
            </DailyValuation>
            <DailyValuation>
              <Day>2020-01-16T00:00:00+00:00</Day>
              <Value>23933.13</Value>
            </DailyValuation>
            <DailyValuation>
              <Day>2020-01-20T00:00:00+00:00</Day>
              <Value>24083.51</Value>
            </DailyValuation>
            <DailyValuation>
              <Day>2020-01-24T00:00:00+00:00</Day>
              <Value>23827.18</Value>
            </DailyValuation>
            <DailyValuation>
              <Day>2020-01-27T00:00:00+00:00</Day>
              <Value>23343.51</Value>
            </DailyValuation>
            <DailyValuation>
              <Day>2020-01-30T00:00:00+00:00</Day>
              <Value>22977.75</Value>
            </DailyValuation>
            <DailyValuation>
              <Day>2020-01-31T00:00:00+00:00</Day>
              <Value>23205.18</Value>
            </DailyValuation>
            <DailyValuation>
              <Day>2020-02-10T00:00:00+00:00</Day>
              <Value>23685.98</Value>
            </DailyValuation>
            <DailyValuation>
              <Day>2020-02-12T00:00:00+00:00</Day>
              <Value>23861.21</Value>
            </DailyValuation>
            <DailyValuation>
              <Day>2020-02-13T00:00:00+00:00</Day>
              <Value>23827.73</Value>
            </DailyValuation>
            <DailyValuation>
              <Day>2020-02-14T00:00:00+00:00</Day>
              <Value>23687.59</Value>
            </DailyValuation>
            <DailyValuation>
              <Day>2020-02-16T00:00:00+00:00</Day>
              <Value>23687.59</Value>
            </DailyValuation>
            <DailyValuation>
              <Day>2020-02-17T00:00:00+00:00</Day>
              <Value>23523.24</Value>
            </DailyValuation>
            <DailyValuation>
              <Day>2020-02-19T00:00:00+00:00</Day>
              <Value>23400.7</Value>
            </DailyValuation>
            <DailyValuation>
              <Day>2020-02-27T00:00:00+00:00</Day>
              <Value>21948.23</Value>
            </DailyValuation>
            <DailyValuation>
              <Day>2020-02-29T00:00:00+00:00</Day>
              <Value>21142.96</Value>
            </DailyValuation>
            <DailyValuation>
              <Day>2020-03-05T00:00:00+00:00</Day>
              <Value>21329.12</Value>
            </DailyValuation>
            <DailyValuation>
              <Day>2020-03-07T00:00:00+00:00</Day>
              <Value>20749.75</Value>
            </DailyValuation>
            <DailyValuation>
              <Day>2020-03-11T00:00:00+00:00</Day>
              <Value>19416.06</Value>
            </DailyValuation>
          </Values>
        </Values>
      </Sector>
      <Sector>
        <Names>
          <Name>US</Name>
          <Sectors />
          <SectorsFlat />
        </Names>
        <Name>US</Name>
        <Values>
          <Values>
            <DailyValuation>
              <Day>2012-01-01T00:00:00</Day>
              <Value>1258</Value>
            </DailyValuation>
            <DailyValuation>
              <Day>2014-12-12T00:00:00</Day>
              <Value>2065</Value>
            </DailyValuation>
            <DailyValuation>
              <Day>2015-12-12T00:00:00</Day>
              <Value>2082</Value>
            </DailyValuation>
            <DailyValuation>
              <Day>2016-12-12T00:00:00</Day>
              <Value>2200</Value>
            </DailyValuation>
            <DailyValuation>
              <Day>2017-12-01T00:00:00</Day>
              <Value>2645</Value>
            </DailyValuation>
            <DailyValuation>
              <Day>2018-12-01T00:00:00</Day>
              <Value>2790</Value>
            </DailyValuation>
            <DailyValuation>
              <Day>2019-06-30T00:00:00</Day>
              <Value>2971</Value>
            </DailyValuation>
            <DailyValuation>
              <Day>2019-10-31T00:00:00</Day>
              <Value>3050</Value>
            </DailyValuation>
            <DailyValuation>
              <Day>2019-12-16T00:00:00+00:00</Day>
              <Value>3192</Value>
            </DailyValuation>
            <DailyValuation>
              <Day>2019-12-17T00:00:00+00:00</Day>
              <Value>3195.01</Value>
            </DailyValuation>
            <DailyValuation>
              <Day>2020-01-08T00:00:00+00:00</Day>
              <Value>3250.14</Value>
            </DailyValuation>
            <DailyValuation>
              <Day>2020-01-10T00:00:00+00:00</Day>
              <Value>3265.35</Value>
            </DailyValuation>
            <DailyValuation>
              <Day>2020-01-14T00:00:00+00:00</Day>
              <Value>3283.15</Value>
            </DailyValuation>
            <DailyValuation>
              <Day>2020-01-16T00:00:00+00:00</Day>
              <Value>3316.81</Value>
            </DailyValuation>
            <DailyValuation>
              <Day>2020-01-20T00:00:00+00:00</Day>
              <Value>3329.62</Value>
            </DailyValuation>
            <DailyValuation>
              <Day>2020-01-24T00:00:00+00:00</Day>
              <Value>3295.47</Value>
            </DailyValuation>
            <DailyValuation>
              <Day>2020-01-27T00:00:00+00:00</Day>
              <Value>3251.43</Value>
            </DailyValuation>
            <DailyValuation>
              <Day>2020-01-30T00:00:00+00:00</Day>
              <Value>3283.66</Value>
            </DailyValuation>
            <DailyValuation>
              <Day>2020-01-31T00:00:00+00:00</Day>
              <Value>3225.52</Value>
            </DailyValuation>
            <DailyValuation>
              <Day>2020-02-10T00:00:00+00:00</Day>
              <Value>3352.09</Value>
            </DailyValuation>
            <DailyValuation>
              <Day>2020-02-12T00:00:00+00:00</Day>
              <Value>3379.45</Value>
            </DailyValuation>
            <DailyValuation>
              <Day>2020-02-13T00:00:00+00:00</Day>
              <Value>3373.94</Value>
            </DailyValuation>
            <DailyValuation>
              <Day>2020-02-14T00:00:00+00:00</Day>
              <Value>3371.54</Value>
            </DailyValuation>
            <DailyValuation>
              <Day>2020-02-16T00:00:00+00:00</Day>
              <Value>3380.16</Value>
            </DailyValuation>
            <DailyValuation>
              <Day>2020-02-17T00:00:00+00:00</Day>
              <Value>3380.16</Value>
            </DailyValuation>
            <DailyValuation>
              <Day>2020-02-19T00:00:00+00:00</Day>
              <Value>3386.15</Value>
            </DailyValuation>
            <DailyValuation>
              <Day>2020-02-27T00:00:00+00:00</Day>
              <Value>3028.85</Value>
            </DailyValuation>
            <DailyValuation>
              <Day>2020-02-29T00:00:00+00:00</Day>
              <Value>2954.22</Value>
            </DailyValuation>
            <DailyValuation>
              <Day>2020-03-05T00:00:00+00:00</Day>
              <Value>3130.12</Value>
            </DailyValuation>
            <DailyValuation>
              <Day>2020-03-07T00:00:00+00:00</Day>
              <Value>2972.37</Value>
            </DailyValuation>
            <DailyValuation>
              <Day>2020-03-11T00:00:00+00:00</Day>
              <Value>2741.38</Value>
            </DailyValuation>
          </Values>
        </Values>
      </Sector>
      <Sector>
        <Names>
          <Name>World</Name>
          <Sectors />
          <SectorsFlat />
        </Names>
        <Name>World</Name>
        <Values>
          <Values />
        </Values>
      </Sector>
      <Sector>
        <Names>
          <Name>UK</Name>
          <Sectors />
          <SectorsFlat />
        </Names>
        <Name>UK</Name>
        <Values>
          <Values>
            <DailyValuation>
              <Day>2006-12-21T00:00:00</Day>
              <Value>6183</Value>
            </DailyValuation>
            <DailyValuation>
              <Day>2010-05-28T00:00:00</Day>
              <Value>5188</Value>
            </DailyValuation>
            <DailyValuation>
              <Day>2014-07-11T00:00:00</Day>
              <Value>6690</Value>
            </DailyValuation>
            <DailyValuation>
              <Day>2014-12-19T00:00:00</Day>
              <Value>6545.27</Value>
            </DailyValuation>
            <DailyValuation>
              <Day>2018-12-17T00:00:00</Day>
              <Value>6773.24</Value>
            </DailyValuation>
            <DailyValuation>
              <Day>2019-06-18T00:00:00</Day>
              <Value>7443.04</Value>
            </DailyValuation>
            <DailyValuation>
              <Day>2019-12-08T00:00:00+00:00</Day>
              <Value>7239.66</Value>
            </DailyValuation>
            <DailyValuation>
              <Day>2019-12-12T00:00:00+00:00</Day>
              <Value>7273.47</Value>
            </DailyValuation>
            <DailyValuation>
              <Day>2019-12-13T00:00:00+00:00</Day>
              <Value>7353.44</Value>
            </DailyValuation>
            <DailyValuation>
              <Day>2019-12-17T00:00:00+00:00</Day>
              <Value>7525.28</Value>
            </DailyValuation>
            <DailyValuation>
              <Day>2020-01-08T00:00:00+00:00</Day>
              <Value>7565.27</Value>
            </DailyValuation>
            <DailyValuation>
              <Day>2020-01-10T00:00:00+00:00</Day>
              <Value>7587.85</Value>
            </DailyValuation>
            <DailyValuation>
              <Day>2020-01-14T00:00:00+00:00</Day>
              <Value>7622.35</Value>
            </DailyValuation>
            <DailyValuation>
              <Day>2020-01-16T00:00:00+00:00</Day>
              <Value>7609.81</Value>
            </DailyValuation>
            <DailyValuation>
              <Day>2020-01-20T00:00:00+00:00</Day>
              <Value>7651.44</Value>
            </DailyValuation>
            <DailyValuation>
              <Day>2020-01-24T00:00:00+00:00</Day>
              <Value>7585.98</Value>
            </DailyValuation>
            <DailyValuation>
              <Day>2020-01-27T00:00:00+00:00</Day>
              <Value>7412.05</Value>
            </DailyValuation>
            <DailyValuation>
              <Day>2020-01-30T00:00:00+00:00</Day>
              <Value>7381.96</Value>
            </DailyValuation>
            <DailyValuation>
              <Day>2020-02-12T00:00:00+00:00</Day>
              <Value>7534.37</Value>
            </DailyValuation>
            <DailyValuation>
              <Day>2020-02-13T00:00:00+00:00</Day>
              <Value>7452.03</Value>
            </DailyValuation>
            <DailyValuation>
              <Day>2020-02-17T00:00:00+00:00</Day>
              <Value>7433.25</Value>
            </DailyValuation>
            <DailyValuation>
              <Day>2020-02-19T00:00:00+00:00</Day>
              <Value>7457.02</Value>
            </DailyValuation>
            <DailyValuation>
              <Day>2020-02-27T00:00:00+00:00</Day>
              <Value>6796.4</Value>
            </DailyValuation>
            <DailyValuation>
              <Day>2020-02-29T00:00:00+00:00</Day>
              <Value>6580.61</Value>
            </DailyValuation>
            <DailyValuation>
              <Day>2020-03-05T00:00:00+00:00</Day>
              <Value>6819.36</Value>
            </DailyValuation>
            <DailyValuation>
              <Day>2020-03-07T00:00:00+00:00</Day>
              <Value>6462.55</Value>
            </DailyValuation>
            <DailyValuation>
              <Day>2020-03-11T00:00:00+00:00</Day>
              <Value>5876.52</Value>
            </DailyValuation>
          </Values>
        </Values>
      </Sector>
    </BenchMarks>
  </MyFunds>
  <myBenchMarks>
    <Sector>
      <Names>
        <Name>Bond</Name>
        <Sectors />
        <SectorsFlat />
      </Names>
      <Name>Bond</Name>
      <Values>
        <Values>
          <DailyValuation>
            <Day>2019-01-01T00:00:00</Day>
            <Value>1.671</Value>
          </DailyValuation>
          <DailyValuation>
            <Day>2020-01-30T00:00:00+00:00</Day>
            <Value>1.38</Value>
          </DailyValuation>
          <DailyValuation>
            <Day>2020-02-12T00:00:00+00:00</Day>
            <Value>1.445</Value>
          </DailyValuation>
          <DailyValuation>
            <Day>2020-02-13T00:00:00+00:00</Day>
            <Value>1.439</Value>
          </DailyValuation>
          <DailyValuation>
            <Day>2020-02-17T00:00:00+00:00</Day>
            <Value>1.414</Value>
          </DailyValuation>
          <DailyValuation>
            <Day>2020-02-19T00:00:00+00:00</Day>
            <Value>1.409</Value>
          </DailyValuation>
          <DailyValuation>
            <Day>2020-02-27T00:00:00+00:00</Day>
            <Value>1.104</Value>
          </DailyValuation>
          <DailyValuation>
            <Day>2020-02-29T00:00:00+00:00</Day>
            <Value>0.913</Value>
          </DailyValuation>
          <DailyValuation>
            <Day>2020-03-05T00:00:00+00:00</Day>
            <Value>0.729</Value>
          </DailyValuation>
          <DailyValuation>
            <Day>2020-03-07T00:00:00+00:00</Day>
            <Value>0.557</Value>
          </DailyValuation>
          <DailyValuation>
            <Day>2020-03-11T00:00:00+00:00</Day>
            <Value>0.657</Value>
          </DailyValuation>
        </Values>
      </Values>
    </Sector>
    <Sector>
      <Names>
        <Name>EU</Name>
        <Sectors />
        <SectorsFlat />
      </Names>
      <Name>EU</Name>
      <Values>
        <Values>
          <DailyValuation>
            <Day>2019-01-28T00:00:00</Day>
            <Value>3171</Value>
          </DailyValuation>
          <DailyValuation>
            <Day>2020-01-30T00:00:00+00:00</Day>
            <Value>3690.78</Value>
          </DailyValuation>
          <DailyValuation>
            <Day>2020-02-12T00:00:00+00:00</Day>
            <Value>3854.43</Value>
          </DailyValuation>
          <DailyValuation>
            <Day>2020-02-13T00:00:00+00:00</Day>
            <Value>3846.74</Value>
          </DailyValuation>
          <DailyValuation>
            <Day>2020-02-17T00:00:00+00:00</Day>
            <Value>3853.27</Value>
          </DailyValuation>
          <DailyValuation>
            <Day>2020-02-19T00:00:00+00:00</Day>
            <Value>3865.18</Value>
          </DailyValuation>
          <DailyValuation>
            <Day>2020-02-27T00:00:00+00:00</Day>
            <Value>3455.92</Value>
          </DailyValuation>
          <DailyValuation>
            <Day>2020-02-29T00:00:00+00:00</Day>
            <Value>3329.49</Value>
          </DailyValuation>
          <DailyValuation>
            <Day>2020-03-05T00:00:00+00:00</Day>
            <Value>3420.56</Value>
          </DailyValuation>
          <DailyValuation>
            <Day>2020-03-07T00:00:00+00:00</Day>
            <Value>3232.07</Value>
          </DailyValuation>
          <DailyValuation>
            <Day>2020-03-11T00:00:00+00:00</Day>
            <Value>2905.56</Value>
          </DailyValuation>
        </Values>
      </Values>
    </Sector>
    <Sector>
      <Names>
        <Name>HK</Name>
        <Sectors />
        <SectorsFlat />
      </Names>
      <Name>HK</Name>
      <Values>
        <Values>
          <DailyValuation>
            <Day>2019-01-28T00:00:00</Day>
            <Value>28130</Value>
          </DailyValuation>
          <DailyValuation>
            <Day>2020-01-30T00:00:00+00:00</Day>
            <Value>26449.13</Value>
          </DailyValuation>
          <DailyValuation>
            <Day>2020-02-12T00:00:00+00:00</Day>
            <Value>27823.66</Value>
          </DailyValuation>
          <DailyValuation>
            <Day>2020-02-13T00:00:00+00:00</Day>
            <Value>27730</Value>
          </DailyValuation>
          <DailyValuation>
            <Day>2020-02-17T00:00:00+00:00</Day>
            <Value>27959.6</Value>
          </DailyValuation>
          <DailyValuation>
            <Day>2020-02-19T00:00:00+00:00</Day>
            <Value>27655.81</Value>
          </DailyValuation>
          <DailyValuation>
            <Day>2020-02-27T00:00:00+00:00</Day>
            <Value>26778.62</Value>
          </DailyValuation>
          <DailyValuation>
            <Day>2020-02-29T00:00:00+00:00</Day>
            <Value>26129.93</Value>
          </DailyValuation>
          <DailyValuation>
            <Day>2020-03-05T00:00:00+00:00</Day>
            <Value>26793.75</Value>
          </DailyValuation>
          <DailyValuation>
            <Day>2020-03-07T00:00:00+00:00</Day>
            <Value>26146.67</Value>
          </DailyValuation>
          <DailyValuation>
            <Day>2020-03-11T00:00:00+00:00</Day>
            <Value>25231.61</Value>
          </DailyValuation>
        </Values>
      </Values>
    </Sector>
    <Sector>
      <Names>
        <Name>FTSE100</Name>
        <Sectors />
        <SectorsFlat />
      </Names>
      <Name>FTSE100</Name>
      <Values>
        <Values>
          <DailyValuation>
            <Day>2006-12-21T00:00:00</Day>
            <Value>6183</Value>
          </DailyValuation>
          <DailyValuation>
            <Day>2010-05-28T00:00:00</Day>
            <Value>5188</Value>
          </DailyValuation>
          <DailyValuation>
            <Day>2014-07-11T00:00:00</Day>
            <Value>6690</Value>
          </DailyValuation>
          <DailyValuation>
            <Day>2014-12-19T00:00:00</Day>
            <Value>6545.27</Value>
          </DailyValuation>
          <DailyValuation>
            <Day>2018-12-17T00:00:00</Day>
            <Value>6773.24</Value>
          </DailyValuation>
          <DailyValuation>
            <Day>2019-06-18T00:00:00</Day>
            <Value>7443.04</Value>
          </DailyValuation>
          <DailyValuation>
            <Day>2019-12-08T00:00:00+00:00</Day>
            <Value>7239.66</Value>
          </DailyValuation>
          <DailyValuation>
            <Day>2019-12-12T00:00:00+00:00</Day>
            <Value>7273.47</Value>
          </DailyValuation>
          <DailyValuation>
            <Day>2019-12-13T00:00:00+00:00</Day>
            <Value>7353.44</Value>
          </DailyValuation>
          <DailyValuation>
            <Day>2019-12-17T00:00:00+00:00</Day>
            <Value>7525.28</Value>
          </DailyValuation>
          <DailyValuation>
            <Day>2020-01-08T00:00:00+00:00</Day>
            <Value>7565.27</Value>
          </DailyValuation>
          <DailyValuation>
            <Day>2020-01-10T00:00:00+00:00</Day>
            <Value>7587.85</Value>
          </DailyValuation>
          <DailyValuation>
            <Day>2020-01-14T00:00:00+00:00</Day>
            <Value>7622.35</Value>
          </DailyValuation>
          <DailyValuation>
            <Day>2020-01-16T00:00:00+00:00</Day>
            <Value>7609.81</Value>
          </DailyValuation>
          <DailyValuation>
            <Day>2020-01-20T00:00:00+00:00</Day>
            <Value>7651.44</Value>
          </DailyValuation>
          <DailyValuation>
            <Day>2020-01-24T00:00:00+00:00</Day>
            <Value>7585.98</Value>
          </DailyValuation>
          <DailyValuation>
            <Day>2020-01-27T00:00:00+00:00</Day>
            <Value>7412.05</Value>
          </DailyValuation>
          <DailyValuation>
            <Day>2020-01-30T00:00:00+00:00</Day>
            <Value>7381.96</Value>
          </DailyValuation>
          <DailyValuation>
            <Day>2020-01-31T00:00:00+00:00</Day>
            <Value>7286.01</Value>
          </DailyValuation>
          <DailyValuation>
            <Day>2020-02-10T00:00:00+00:00</Day>
            <Value>7446.88</Value>
          </DailyValuation>
          <DailyValuation>
            <Day>2020-02-12T00:00:00+00:00</Day>
            <Value>7534.37</Value>
          </DailyValuation>
          <DailyValuation>
            <Day>2020-02-13T00:00:00+00:00</Day>
            <Value>7452.03</Value>
          </DailyValuation>
          <DailyValuation>
            <Day>2020-02-14T00:00:00+00:00</Day>
            <Value>7409.13</Value>
          </DailyValuation>
          <DailyValuation>
            <Day>2020-02-16T00:00:00+00:00</Day>
            <Value>7409.13</Value>
          </DailyValuation>
          <DailyValuation>
            <Day>2020-02-17T00:00:00+00:00</Day>
            <Value>7433.25</Value>
          </DailyValuation>
          <DailyValuation>
            <Day>2020-02-19T00:00:00+00:00</Day>
            <Value>7457.02</Value>
          </DailyValuation>
          <DailyValuation>
            <Day>2020-02-27T00:00:00+00:00</Day>
            <Value>6796.4</Value>
          </DailyValuation>
          <DailyValuation>
            <Day>2020-02-29T00:00:00+00:00</Day>
            <Value>6580.61</Value>
          </DailyValuation>
          <DailyValuation>
            <Day>2020-03-05T00:00:00+00:00</Day>
            <Value>6820.38</Value>
          </DailyValuation>
          <DailyValuation>
            <Day>2020-03-07T00:00:00+00:00</Day>
            <Value>6462.55</Value>
          </DailyValuation>
          <DailyValuation>
            <Day>2020-03-11T00:00:00+00:00</Day>
            <Value>5876.52</Value>
          </DailyValuation>
        </Values>
      </Values>
    </Sector>
    <Sector>
      <Names>
        <Name>FTSE250</Name>
        <Sectors />
        <SectorsFlat />
      </Names>
      <Name>FTSE250</Name>
      <Values>
        <Values>
          <DailyValuation>
            <Day>2008-12-02T00:00:00</Day>
            <Value>5685</Value>
          </DailyValuation>
          <DailyValuation>
            <Day>2009-08-28T00:00:00</Day>
            <Value>8817</Value>
          </DailyValuation>
          <DailyValuation>
            <Day>2010-04-02T00:00:00</Day>
            <Value>10309</Value>
          </DailyValuation>
          <DailyValuation>
            <Day>2015-02-17T00:00:00</Day>
            <Value>17273</Value>
          </DailyValuation>
          <DailyValuation>
            <Day>2017-10-15T00:00:00</Day>
            <Value>20166</Value>
          </DailyValuation>
          <DailyValuation>
            <Day>2019-12-08T00:00:00+00:00</Day>
            <Value>20933.03</Value>
          </DailyValuation>
          <DailyValuation>
            <Day>2019-12-12T00:00:00+00:00</Day>
            <Value>20793.03</Value>
          </DailyValuation>
          <DailyValuation>
            <Day>2019-12-13T00:00:00+00:00</Day>
            <Value>21507.79</Value>
          </DailyValuation>
          <DailyValuation>
            <Day>2019-12-17T00:00:00+00:00</Day>
            <Value>21690.2</Value>
          </DailyValuation>
          <DailyValuation>
            <Day>2020-01-08T00:00:00+00:00</Day>
            <Value>21653.37</Value>
          </DailyValuation>
          <DailyValuation>
            <Day>2020-01-10T00:00:00+00:00</Day>
            <Value>21566.67</Value>
          </DailyValuation>
          <DailyValuation>
            <Day>2020-01-14T00:00:00+00:00</Day>
            <Value>21756.05</Value>
          </DailyValuation>
          <DailyValuation>
            <Day>2020-01-16T00:00:00+00:00</Day>
            <Value>21721.23</Value>
          </DailyValuation>
          <DailyValuation>
            <Day>2020-01-20T00:00:00+00:00</Day>
            <Value>21847.04</Value>
          </DailyValuation>
          <DailyValuation>
            <Day>2020-01-24T00:00:00+00:00</Day>
            <Value>21763.94</Value>
          </DailyValuation>
          <DailyValuation>
            <Day>2020-01-27T00:00:00+00:00</Day>
            <Value>21303.67</Value>
          </DailyValuation>
          <DailyValuation>
            <Day>2020-01-30T00:00:00+00:00</Day>
            <Value>21291.88</Value>
          </DailyValuation>
          <DailyValuation>
            <Day>2020-01-31T00:00:00+00:00</Day>
            <Value>21143.49</Value>
          </DailyValuation>
          <DailyValuation>
            <Day>2020-02-10T00:00:00+00:00</Day>
            <Value>21493.32</Value>
          </DailyValuation>
          <DailyValuation>
            <Day>2020-02-12T00:00:00+00:00</Day>
            <Value>21793.48</Value>
          </DailyValuation>
          <DailyValuation>
            <Day>2020-02-13T00:00:00+00:00</Day>
            <Value>21673.9</Value>
          </DailyValuation>
          <DailyValuation>
            <Day>2020-02-14T00:00:00+00:00</Day>
            <Value>21790.08</Value>
          </DailyValuation>
          <DailyValuation>
            <Day>2020-02-16T00:00:00+00:00</Day>
            <Value>21790.08</Value>
          </DailyValuation>
          <DailyValuation>
            <Day>2020-02-17T00:00:00+00:00</Day>
            <Value>21826.34</Value>
          </DailyValuation>
          <DailyValuation>
            <Day>2020-02-19T00:00:00+00:00</Day>
            <Value>21850.86</Value>
          </DailyValuation>
          <DailyValuation>
            <Day>2020-02-27T00:00:00+00:00</Day>
            <Value>19783.45</Value>
          </DailyValuation>
          <DailyValuation>
            <Day>2020-02-29T00:00:00+00:00</Day>
            <Value>19330.92</Value>
          </DailyValuation>
          <DailyValuation>
            <Day>2020-03-05T00:00:00+00:00</Day>
            <Value>19852.7</Value>
          </DailyValuation>
          <DailyValuation>
            <Day>2020-03-07T00:00:00+00:00</Day>
            <Value>18746.51</Value>
          </DailyValuation>
          <DailyValuation>
            <Day>2020-03-11T00:00:00+00:00</Day>
            <Value>17339.23</Value>
          </DailyValuation>
        </Values>
      </Values>
    </Sector>
    <Sector>
      <Names>
        <Name>Nikkei</Name>
        <Sectors />
        <SectorsFlat />
      </Names>
      <Name>Nikkei</Name>
      <Values>
        <Values>
          <DailyValuation>
            <Day>2007-04-20T00:00:00</Day>
            <Value>16744</Value>
          </DailyValuation>
          <DailyValuation>
            <Day>2011-11-01T00:00:00</Day>
            <Value>8880</Value>
          </DailyValuation>
          <DailyValuation>
            <Day>2015-01-01T00:00:00</Day>
            <Value>17850</Value>
          </DailyValuation>
          <DailyValuation>
            <Day>2016-08-01T00:00:00</Day>
            <Value>16415</Value>
          </DailyValuation>
          <DailyValuation>
            <Day>2018-01-01T00:00:00</Day>
            <Value>23073</Value>
          </DailyValuation>
          <DailyValuation>
            <Day>2018-12-16T00:00:00</Day>
            <Value>21391</Value>
          </DailyValuation>
          <DailyValuation>
            <Day>2019-03-22T00:00:00</Day>
            <Value>21713</Value>
          </DailyValuation>
          <DailyValuation>
            <Day>2019-11-01T00:00:00</Day>
            <Value>22730</Value>
          </DailyValuation>
          <DailyValuation>
            <Day>2019-12-16T00:00:00+00:00</Day>
            <Value>23952</Value>
          </DailyValuation>
          <DailyValuation>
            <Day>2019-12-17T00:00:00+00:00</Day>
            <Value>24066.12</Value>
          </DailyValuation>
          <DailyValuation>
            <Day>2020-01-08T00:00:00+00:00</Day>
            <Value>23204.76</Value>
          </DailyValuation>
          <DailyValuation>
            <Day>2020-01-10T00:00:00+00:00</Day>
            <Value>23850.57</Value>
          </DailyValuation>
          <DailyValuation>
            <Day>2020-01-14T00:00:00+00:00</Day>
            <Value>24025.17</Value>
          </DailyValuation>
          <DailyValuation>
            <Day>2020-01-16T00:00:00+00:00</Day>
            <Value>23933.13</Value>
          </DailyValuation>
          <DailyValuation>
            <Day>2020-01-20T00:00:00+00:00</Day>
            <Value>24083.51</Value>
          </DailyValuation>
          <DailyValuation>
            <Day>2020-01-24T00:00:00+00:00</Day>
            <Value>23827.18</Value>
          </DailyValuation>
          <DailyValuation>
            <Day>2020-01-27T00:00:00+00:00</Day>
            <Value>23343.51</Value>
          </DailyValuation>
          <DailyValuation>
            <Day>2020-01-30T00:00:00+00:00</Day>
            <Value>22977.75</Value>
          </DailyValuation>
          <DailyValuation>
            <Day>2020-01-31T00:00:00+00:00</Day>
            <Value>23205.18</Value>
          </DailyValuation>
          <DailyValuation>
            <Day>2020-02-10T00:00:00+00:00</Day>
            <Value>23685.98</Value>
          </DailyValuation>
          <DailyValuation>
            <Day>2020-02-12T00:00:00+00:00</Day>
            <Value>23861.21</Value>
          </DailyValuation>
          <DailyValuation>
            <Day>2020-02-13T00:00:00+00:00</Day>
            <Value>23827.73</Value>
          </DailyValuation>
          <DailyValuation>
            <Day>2020-02-14T00:00:00+00:00</Day>
            <Value>23687.59</Value>
          </DailyValuation>
          <DailyValuation>
            <Day>2020-02-16T00:00:00+00:00</Day>
            <Value>23687.59</Value>
          </DailyValuation>
          <DailyValuation>
            <Day>2020-02-17T00:00:00+00:00</Day>
            <Value>23523.24</Value>
          </DailyValuation>
          <DailyValuation>
            <Day>2020-02-19T00:00:00+00:00</Day>
            <Value>23400.7</Value>
          </DailyValuation>
          <DailyValuation>
            <Day>2020-02-27T00:00:00+00:00</Day>
            <Value>21948.23</Value>
          </DailyValuation>
          <DailyValuation>
            <Day>2020-02-29T00:00:00+00:00</Day>
            <Value>21142.96</Value>
          </DailyValuation>
          <DailyValuation>
            <Day>2020-03-05T00:00:00+00:00</Day>
            <Value>21329.12</Value>
          </DailyValuation>
          <DailyValuation>
            <Day>2020-03-07T00:00:00+00:00</Day>
            <Value>20749.75</Value>
          </DailyValuation>
          <DailyValuation>
            <Day>2020-03-11T00:00:00+00:00</Day>
            <Value>19416.06</Value>
          </DailyValuation>
        </Values>
      </Values>
    </Sector>
    <Sector>
      <Names>
        <Name>US</Name>
        <Sectors />
        <SectorsFlat />
      </Names>
      <Name>US</Name>
      <Values>
        <Values>
          <DailyValuation>
            <Day>2012-01-01T00:00:00</Day>
            <Value>1258</Value>
          </DailyValuation>
          <DailyValuation>
            <Day>2014-12-12T00:00:00</Day>
            <Value>2065</Value>
          </DailyValuation>
          <DailyValuation>
            <Day>2015-12-12T00:00:00</Day>
            <Value>2082</Value>
          </DailyValuation>
          <DailyValuation>
            <Day>2016-12-12T00:00:00</Day>
            <Value>2200</Value>
          </DailyValuation>
          <DailyValuation>
            <Day>2017-12-01T00:00:00</Day>
            <Value>2645</Value>
          </DailyValuation>
          <DailyValuation>
            <Day>2018-12-01T00:00:00</Day>
            <Value>2790</Value>
          </DailyValuation>
          <DailyValuation>
            <Day>2019-06-30T00:00:00</Day>
            <Value>2971</Value>
          </DailyValuation>
          <DailyValuation>
            <Day>2019-10-31T00:00:00</Day>
            <Value>3050</Value>
          </DailyValuation>
          <DailyValuation>
            <Day>2019-12-16T00:00:00+00:00</Day>
            <Value>3192</Value>
          </DailyValuation>
          <DailyValuation>
            <Day>2019-12-17T00:00:00+00:00</Day>
            <Value>3195.01</Value>
          </DailyValuation>
          <DailyValuation>
            <Day>2020-01-08T00:00:00+00:00</Day>
            <Value>3250.14</Value>
          </DailyValuation>
          <DailyValuation>
            <Day>2020-01-10T00:00:00+00:00</Day>
            <Value>3265.35</Value>
          </DailyValuation>
          <DailyValuation>
            <Day>2020-01-14T00:00:00+00:00</Day>
            <Value>3283.15</Value>
          </DailyValuation>
          <DailyValuation>
            <Day>2020-01-16T00:00:00+00:00</Day>
            <Value>3316.81</Value>
          </DailyValuation>
          <DailyValuation>
            <Day>2020-01-20T00:00:00+00:00</Day>
            <Value>3329.62</Value>
          </DailyValuation>
          <DailyValuation>
            <Day>2020-01-24T00:00:00+00:00</Day>
            <Value>3295.47</Value>
          </DailyValuation>
          <DailyValuation>
            <Day>2020-01-27T00:00:00+00:00</Day>
            <Value>3251.43</Value>
          </DailyValuation>
          <DailyValuation>
            <Day>2020-01-30T00:00:00+00:00</Day>
            <Value>3283.66</Value>
          </DailyValuation>
          <DailyValuation>
            <Day>2020-01-31T00:00:00+00:00</Day>
            <Value>3225.52</Value>
          </DailyValuation>
          <DailyValuation>
            <Day>2020-02-10T00:00:00+00:00</Day>
            <Value>3352.09</Value>
          </DailyValuation>
          <DailyValuation>
            <Day>2020-02-12T00:00:00+00:00</Day>
            <Value>3379.45</Value>
          </DailyValuation>
          <DailyValuation>
            <Day>2020-02-13T00:00:00+00:00</Day>
            <Value>3373.94</Value>
          </DailyValuation>
          <DailyValuation>
            <Day>2020-02-14T00:00:00+00:00</Day>
            <Value>3371.54</Value>
          </DailyValuation>
          <DailyValuation>
            <Day>2020-02-16T00:00:00+00:00</Day>
            <Value>3380.16</Value>
          </DailyValuation>
          <DailyValuation>
            <Day>2020-02-17T00:00:00+00:00</Day>
            <Value>3380.16</Value>
          </DailyValuation>
          <DailyValuation>
            <Day>2020-02-19T00:00:00+00:00</Day>
            <Value>3386.15</Value>
          </DailyValuation>
          <DailyValuation>
            <Day>2020-02-27T00:00:00+00:00</Day>
            <Value>3028.85</Value>
          </DailyValuation>
          <DailyValuation>
            <Day>2020-02-29T00:00:00+00:00</Day>
            <Value>2954.22</Value>
          </DailyValuation>
          <DailyValuation>
            <Day>2020-03-05T00:00:00+00:00</Day>
            <Value>3130.12</Value>
          </DailyValuation>
          <DailyValuation>
            <Day>2020-03-07T00:00:00+00:00</Day>
            <Value>2972.37</Value>
          </DailyValuation>
          <DailyValuation>
            <Day>2020-03-11T00:00:00+00:00</Day>
            <Value>2741.38</Value>
          </DailyValuation>
        </Values>
      </Values>
    </Sector>
    <Sector>
      <Names>
        <Name>World</Name>
        <Sectors />
        <SectorsFlat />
      </Names>
      <Name>World</Name>
      <Values>
        <Values />
      </Values>
    </Sector>
    <Sector>
      <Names>
        <Name>UK</Name>
        <Sectors />
        <SectorsFlat />
      </Names>
      <Name>UK</Name>
      <Values>
        <Values>
          <DailyValuation>
            <Day>2006-12-21T00:00:00</Day>
            <Value>6183</Value>
          </DailyValuation>
          <DailyValuation>
            <Day>2010-05-28T00:00:00</Day>
            <Value>5188</Value>
          </DailyValuation>
          <DailyValuation>
            <Day>2014-07-11T00:00:00</Day>
            <Value>6690</Value>
          </DailyValuation>
          <DailyValuation>
            <Day>2014-12-19T00:00:00</Day>
            <Value>6545.27</Value>
          </DailyValuation>
          <DailyValuation>
            <Day>2018-12-17T00:00:00</Day>
            <Value>6773.24</Value>
          </DailyValuation>
          <DailyValuation>
            <Day>2019-06-18T00:00:00</Day>
            <Value>7443.04</Value>
          </DailyValuation>
          <DailyValuation>
            <Day>2019-12-08T00:00:00+00:00</Day>
            <Value>7239.66</Value>
          </DailyValuation>
          <DailyValuation>
            <Day>2019-12-12T00:00:00+00:00</Day>
            <Value>7273.47</Value>
          </DailyValuation>
          <DailyValuation>
            <Day>2019-12-13T00:00:00+00:00</Day>
            <Value>7353.44</Value>
          </DailyValuation>
          <DailyValuation>
            <Day>2019-12-17T00:00:00+00:00</Day>
            <Value>7525.28</Value>
          </DailyValuation>
          <DailyValuation>
            <Day>2020-01-08T00:00:00+00:00</Day>
            <Value>7565.27</Value>
          </DailyValuation>
          <DailyValuation>
            <Day>2020-01-10T00:00:00+00:00</Day>
            <Value>7587.85</Value>
          </DailyValuation>
          <DailyValuation>
            <Day>2020-01-14T00:00:00+00:00</Day>
            <Value>7622.35</Value>
          </DailyValuation>
          <DailyValuation>
            <Day>2020-01-16T00:00:00+00:00</Day>
            <Value>7609.81</Value>
          </DailyValuation>
          <DailyValuation>
            <Day>2020-01-20T00:00:00+00:00</Day>
            <Value>7651.44</Value>
          </DailyValuation>
          <DailyValuation>
            <Day>2020-01-24T00:00:00+00:00</Day>
            <Value>7585.98</Value>
          </DailyValuation>
          <DailyValuation>
            <Day>2020-01-27T00:00:00+00:00</Day>
            <Value>7412.05</Value>
          </DailyValuation>
          <DailyValuation>
            <Day>2020-01-30T00:00:00+00:00</Day>
            <Value>7381.96</Value>
          </DailyValuation>
          <DailyValuation>
            <Day>2020-02-12T00:00:00+00:00</Day>
            <Value>7534.37</Value>
          </DailyValuation>
          <DailyValuation>
            <Day>2020-02-13T00:00:00+00:00</Day>
            <Value>7452.03</Value>
          </DailyValuation>
          <DailyValuation>
            <Day>2020-02-17T00:00:00+00:00</Day>
            <Value>7433.25</Value>
          </DailyValuation>
          <DailyValuation>
            <Day>2020-02-19T00:00:00+00:00</Day>
            <Value>7457.02</Value>
          </DailyValuation>
          <DailyValuation>
            <Day>2020-02-27T00:00:00+00:00</Day>
            <Value>6796.4</Value>
          </DailyValuation>
          <DailyValuation>
            <Day>2020-02-29T00:00:00+00:00</Day>
            <Value>6580.61</Value>
          </DailyValuation>
          <DailyValuation>
            <Day>2020-03-05T00:00:00+00:00</Day>
            <Value>6819.36</Value>
          </DailyValuation>
          <DailyValuation>
            <Day>2020-03-07T00:00:00+00:00</Day>
            <Value>6462.55</Value>
          </DailyValuation>
          <DailyValuation>
            <Day>2020-03-11T00:00:00+00:00</Day>
            <Value>5876.52</Value>
          </DailyValuation>
        </Values>
      </Values>
    </Sector>
  </myBenchMarks>
</AllData>